<?xml version="1.0" encoding="UTF-8"?>
<!-- Generated by org.testng.reporters.JUnitXMLReporter -->
<testsuite ignored="0" hostname="LAPTOP-BBM6834N" failures="0" tests="4" name="Test" time="50.577" errors="0" timestamp="2022-05-28T01:47:31 IST">
  <testcase classname="pack.TestNg2" name="aerifyHomeTab" time="7.396"/>
  <testcase classname="pack.TestNg2" name="berifyfriendTab" time="6.432"/>
  <testcase classname="pack.Testng" name="aerifyHomeTab" time="6.909"/>
  <testcase classname="pack.Testng" name="berifyfriendTab" time="6.652"/>
</testsuite> <!-- Test -->
