<?xml version="1.0" encoding="UTF-8"?>
<!-- Generated by org.testng.reporters.JUnitXMLReporter -->
<testsuite ignored="0" hostname="LAPTOP-BBM6834N" failures="0" tests="4" name="Test" time="49.414" errors="0" timestamp="2022-05-28T03:24:02 IST">
  <testcase classname="pack.TestNg2" name="cerifyHomeTab" time="6.907"/>
  <testcase classname="pack.TestNg2" name="derifyfriendTab" time="6.503"/>
  <testcase classname="pack.Testng" name="aerifyHomeTab" time="6.857"/>
  <testcase classname="pack.Testng" name="berifyfriendTab" time="6.261"/>
</testsuite> <!-- Test -->
